================================================================================
Appcelerator Titanium Diagnostics Build Log
The contents of this file are useful to send to Appcelerator Support if
reporting an issue to help us understand your environment, build settings
and aid in debugging. Please attach this log to any issue that you report.
================================================================================

Starting build at 03/16/13 22:17

Build details:

   timestamp=02/23/12 17:46
   module_apiversion=2
   version=1.8.2
   githash=59b3a90


Script arguments:
   /Users/rchadha/Library/Application Support/Titanium/mobilesdk/osx/1.8.2/iphone/builder.py
   simulator
   5.0
   /Users/rchadha/Documents/Titanium Studio Workspace/TutorialUsingCommonJS
   net.mrg.TutorialUsingCommonJS
   TutorialUsingCommonJS
   universal
   iphone
   

Building from: /Users/rchadha/Library/Application Support/Titanium/mobilesdk/osx/1.8.2/iphone
Platform: Darwin Kernel Version 11.4.0: Mon Apr  9 19:32:15 PDT 2012; root:xnu-1699.26.8~1/RELEASE_X86_64

Xcode path is: /Developer


githash=59b3a90, existing_git_hash=59b3a90
writing contents of /Users/rchadha/Documents/Titanium Studio Workspace/TutorialUsingCommonJS/build/iphone/project.xcconfig:

TI_VERSION=1.8.2
TI_SDK_DIR=/Users/rchadha/Library/Application Support/Titanium/mobilesdk/osx/$(TI_VERSION)/iphone
TI_APPID=net.mrg.TutorialUsingCommonJS
OTHER_LDFLAGS[sdk=iphoneos*]=$(inherited) -weak_framework iAd
OTHER_LDFLAGS[sdk=iphonesimulator*]=$(inherited) -weak_framework iAd
#include "module"

old contents


Generated the following stylecode code:

<?xml version="1.0" encoding="UTF-8"?>
<!DOCTYPE plist PUBLIC "-//Apple//DTD PLIST 1.0//EN" "http://www.apple.com/DTDs/PropertyList-1.0.dtd">
<plist version="1.0">
	<dict>
		<key>classes</key>
		<dict>
<key>app</key>
<dict>
</dict>
</dict>

		<key>classes_density</key>
		<dict>
<key>app</key>
<dict>
</dict>
</dict>

		<key>ids</key>
		<dict>
<key>app</key>
<dict>
<key>mainwin</key>
<dict>
<key>backgroundColor</key>
<string>red</string>
</dict>
</dict>
</dict>

		<key>ids_density</key>
		<dict>
<key>app</key>
<dict>
</dict>
</dict>

		<key>tags</key>
		<dict>
<key>app</key>
<dict>
</dict>
</dict>

		<key>tags_density</key>
		<dict>
<key>app</key>
<dict>
</dict>
</dict>

	</dict>
</plist>
Finishing build
